CRITICAL - 2023-03-09 13:43:19 --> Invalid file: "/principal/header.php"
in SYSTEMPATH\Exceptions\FrameworkException.php on line 33.
 1 SYSTEMPATH\View\View.php(201): CodeIgniter\Exceptions\FrameworkException::forInvalidFile('/principal/header.php')
 2 SYSTEMPATH\Common.php(1184): CodeIgniter\View\View->render('/principal/header', [], true)
 3 APPPATH\Controllers\Principal.php(14): view('/principal/header')
 4 SYSTEMPATH\CodeIgniter.php(934): App\Controllers\Principal->index()
 5 SYSTEMPATH\CodeIgniter.php(499): CodeIgniter\CodeIgniter->runController(Object(App\Controllers\Principal))
 6 SYSTEMPATH\CodeIgniter.php(368): CodeIgniter\CodeIgniter->handleRequest(null, Object(Config\Cache), false)
 7 FCPATH\index.php(67): CodeIgniter\CodeIgniter->run()
CRITICAL - 2023-03-09 13:43:20 --> Invalid file: "/principal/header.php"
in SYSTEMPATH\Exceptions\FrameworkException.php on line 33.
 1 SYSTEMPATH\View\View.php(201): CodeIgniter\Exceptions\FrameworkException::forInvalidFile('/principal/header.php')
 2 SYSTEMPATH\Common.php(1184): CodeIgniter\View\View->render('/principal/header', [], true)
 3 APPPATH\Controllers\Principal.php(14): view('/principal/header')
 4 SYSTEMPATH\CodeIgniter.php(934): App\Controllers\Principal->index()
 5 SYSTEMPATH\CodeIgniter.php(499): CodeIgniter\CodeIgniter->runController(Object(App\Controllers\Principal))
 6 SYSTEMPATH\CodeIgniter.php(368): CodeIgniter\CodeIgniter->handleRequest(null, Object(Config\Cache), false)
 7 FCPATH\index.php(67): CodeIgniter\CodeIgniter->run()
CRITICAL - 2023-03-09 13:43:21 --> Invalid file: "/principal/header.php"
in SYSTEMPATH\Exceptions\FrameworkException.php on line 33.
 1 SYSTEMPATH\View\View.php(201): CodeIgniter\Exceptions\FrameworkException::forInvalidFile('/principal/header.php')
 2 SYSTEMPATH\Common.php(1184): CodeIgniter\View\View->render('/principal/header', [], true)
 3 APPPATH\Controllers\Principal.php(14): view('/principal/header')
 4 SYSTEMPATH\CodeIgniter.php(934): App\Controllers\Principal->index()
 5 SYSTEMPATH\CodeIgniter.php(499): CodeIgniter\CodeIgniter->runController(Object(App\Controllers\Principal))
 6 SYSTEMPATH\CodeIgniter.php(368): CodeIgniter\CodeIgniter->handleRequest(null, Object(Config\Cache), false)
 7 FCPATH\index.php(67): CodeIgniter\CodeIgniter->run()
