CRITICAL - 2023-03-15 00:57:51 --> syntax error, unexpected token "}", expecting "," or ";"
in APPPATH\Controllers\Paises.php on line 31.
 1 SYSTEMPATH\Router\Router.php(507): CodeIgniter\Router\AutoRouter->getRoute('paises')
 2 SYSTEMPATH\Router\Router.php(206): CodeIgniter\Router\Router->autoRoute('paises')
 3 SYSTEMPATH\CodeIgniter.php(815): CodeIgniter\Router\Router->handle('paises')
 4 SYSTEMPATH\CodeIgniter.php(449): CodeIgniter\CodeIgniter->tryToRouteIt(Object(CodeIgniter\Router\RouteCollection))
 5 SYSTEMPATH\CodeIgniter.php(368): CodeIgniter\CodeIgniter->handleRequest(null, Object(Config\Cache), false)
 6 FCPATH\index.php(67): CodeIgniter\CodeIgniter->run()
CRITICAL - 2023-03-15 00:58:07 --> Invalid file: "/errors/no_eliminados.php"
in SYSTEMPATH\Exceptions\FrameworkException.php on line 33.
 1 SYSTEMPATH\View\View.php(201): CodeIgniter\Exceptions\FrameworkException::forInvalidFile('/errors/no_eliminados.php')
 2 SYSTEMPATH\Common.php(1184): CodeIgniter\View\View->render('/errors/no_eliminados', [], true)
 3 APPPATH\Controllers\Paises.php(30): view('/errors/no_eliminados')
 4 SYSTEMPATH\CodeIgniter.php(934): App\Controllers\Paises->eliminados()
 5 SYSTEMPATH\CodeIgniter.php(499): CodeIgniter\CodeIgniter->runController(Object(App\Controllers\Paises))
 6 SYSTEMPATH\CodeIgniter.php(368): CodeIgniter\CodeIgniter->handleRequest(null, Object(Config\Cache), false)
 7 FCPATH\index.php(67): CodeIgniter\CodeIgniter->run()
CRITICAL - 2023-03-15 01:06:17 --> syntax error, unexpected token "}", expecting ";"
in APPPATH\Controllers\Paises.php on line 80.
 1 SYSTEMPATH\Router\Router.php(507): CodeIgniter\Router\AutoRouter->getRoute('paises')
 2 SYSTEMPATH\Router\Router.php(206): CodeIgniter\Router\Router->autoRoute('paises')
 3 SYSTEMPATH\CodeIgniter.php(815): CodeIgniter\Router\Router->handle('paises')
 4 SYSTEMPATH\CodeIgniter.php(449): CodeIgniter\CodeIgniter->tryToRouteIt(Object(CodeIgniter\Router\RouteCollection))
 5 SYSTEMPATH\CodeIgniter.php(368): CodeIgniter\CodeIgniter->handleRequest(null, Object(Config\Cache), false)
 6 FCPATH\index.php(67): CodeIgniter\CodeIgniter->run()
CRITICAL - 2023-03-15 01:06:26 --> syntax error, unexpected token "}", expecting ";"
in APPPATH\Controllers\Paises.php on line 80.
 1 SYSTEMPATH\Router\Router.php(507): CodeIgniter\Router\AutoRouter->getRoute('paises')
 2 SYSTEMPATH\Router\Router.php(206): CodeIgniter\Router\Router->autoRoute('paises')
 3 SYSTEMPATH\CodeIgniter.php(815): CodeIgniter\Router\Router->handle('paises')
 4 SYSTEMPATH\CodeIgniter.php(449): CodeIgniter\CodeIgniter->tryToRouteIt(Object(CodeIgniter\Router\RouteCollection))
 5 SYSTEMPATH\CodeIgniter.php(368): CodeIgniter\CodeIgniter->handleRequest(null, Object(Config\Cache), false)
 6 FCPATH\index.php(67): CodeIgniter\CodeIgniter->run()
CRITICAL - 2023-03-15 01:06:27 --> syntax error, unexpected token "}", expecting ";"
in APPPATH\Controllers\Paises.php on line 80.
 1 SYSTEMPATH\Router\Router.php(507): CodeIgniter\Router\AutoRouter->getRoute('paises')
 2 SYSTEMPATH\Router\Router.php(206): CodeIgniter\Router\Router->autoRoute('paises')
 3 SYSTEMPATH\CodeIgniter.php(815): CodeIgniter\Router\Router->handle('paises')
 4 SYSTEMPATH\CodeIgniter.php(449): CodeIgniter\CodeIgniter->tryToRouteIt(Object(CodeIgniter\Router\RouteCollection))
 5 SYSTEMPATH\CodeIgniter.php(368): CodeIgniter\CodeIgniter->handleRequest(null, Object(Config\Cache), false)
 6 FCPATH\index.php(67): CodeIgniter\CodeIgniter->run()
CRITICAL - 2023-03-15 01:06:27 --> syntax error, unexpected token "}", expecting ";"
in APPPATH\Controllers\Paises.php on line 80.
 1 SYSTEMPATH\Router\Router.php(507): CodeIgniter\Router\AutoRouter->getRoute('paises')
 2 SYSTEMPATH\Router\Router.php(206): CodeIgniter\Router\Router->autoRoute('paises')
 3 SYSTEMPATH\CodeIgniter.php(815): CodeIgniter\Router\Router->handle('paises')
 4 SYSTEMPATH\CodeIgniter.php(449): CodeIgniter\CodeIgniter->tryToRouteIt(Object(CodeIgniter\Router\RouteCollection))
 5 SYSTEMPATH\CodeIgniter.php(368): CodeIgniter\CodeIgniter->handleRequest(null, Object(Config\Cache), false)
 6 FCPATH\index.php(67): CodeIgniter\CodeIgniter->run()
CRITICAL - 2023-03-15 01:07:15 --> Undefined variable $eliminados
in APPPATH\Controllers\Paises.php on line 78.
 1 APPPATH\Controllers\Paises.php(78): CodeIgniter\Debug\Exceptions->errorHandler(2, 'Undefined variable $eliminados', 'APPPATH\\Controllers\\Paises.php', 78)
 2 SYSTEMPATH\CodeIgniter.php(934): App\Controllers\Paises->Restaurar('8')
 3 SYSTEMPATH\CodeIgniter.php(499): CodeIgniter\CodeIgniter->runController(Object(App\Controllers\Paises))
 4 SYSTEMPATH\CodeIgniter.php(368): CodeIgniter\CodeIgniter->handleRequest(null, Object(Config\Cache), false)
 5 FCPATH\index.php(67): CodeIgniter\CodeIgniter->run()
