ERROR - 2023-03-24 00:02:20 --> mysqli_sql_exception: Duplicate entry 'Venezuela' for key 'nombre' in C:\xampp\htdocs\TallerCuentas\system\Database\MySQLi\Connection.php:295
Stack trace:
#0 C:\xampp\htdocs\TallerCuentas\system\Database\MySQLi\Connection.php(295): mysqli->query('INSERT INTO `pa...', 0)
#1 C:\xampp\htdocs\TallerCuentas\system\Database\BaseConnection.php(691): CodeIgniter\Database\MySQLi\Connection->execute('INSERT INTO `pa...')
#2 C:\xampp\htdocs\TallerCuentas\system\Database\BaseConnection.php(605): CodeIgniter\Database\BaseConnection->simpleQuery('INSERT INTO `pa...')
#3 C:\xampp\htdocs\TallerCuentas\system\Database\BaseBuilder.php(2309): CodeIgniter\Database\BaseConnection->query('INSERT INTO `pa...', Array, false)
#4 C:\xampp\htdocs\TallerCuentas\system\Model.php(330): CodeIgniter\Database\BaseBuilder->insert()
#5 C:\xampp\htdocs\TallerCuentas\system\BaseModel.php(782): CodeIgniter\Model->doInsert(Array)
#6 C:\xampp\htdocs\TallerCuentas\system\Model.php(730): CodeIgniter\BaseModel->insert(Array, false)
#7 C:\xampp\htdocs\TallerCuentas\system\BaseModel.php(692): CodeIgniter\Model->insert(Array, false)
#8 C:\xampp\htdocs\TallerCuentas\app\Controllers\Paises.php(66): CodeIgniter\BaseModel->save(Array)
#9 C:\xampp\htdocs\TallerCuentas\system\CodeIgniter.php(934): App\Controllers\Paises->insertar()
#10 C:\xampp\htdocs\TallerCuentas\system\CodeIgniter.php(499): CodeIgniter\CodeIgniter->runController(Object(App\Controllers\Paises))
#11 C:\xampp\htdocs\TallerCuentas\system\CodeIgniter.php(368): CodeIgniter\CodeIgniter->handleRequest(NULL, Object(Config\Cache), false)
#12 C:\xampp\htdocs\TallerCuentas\public\index.php(67): CodeIgniter\CodeIgniter->run()
#13 {main}
CRITICAL - 2023-03-24 00:02:20 --> Duplicate entry 'Venezuela' for key 'nombre'
in SYSTEMPATH\Database\BaseConnection.php on line 645.
 1 SYSTEMPATH\Database\BaseBuilder.php(2309): CodeIgniter\Database\BaseConnection->query('INSERT INTO `paises` (`codigo`, `nombre`, `fecha_crea`) VALUES (:codigo:, :nombre:, :fecha_crea:)', [...], false)
 2 SYSTEMPATH\Model.php(330): CodeIgniter\Database\BaseBuilder->insert()
 3 SYSTEMPATH\BaseModel.php(782): CodeIgniter\Model->doInsert([...])
 4 SYSTEMPATH\Model.php(730): CodeIgniter\BaseModel->insert([...], false)
 5 SYSTEMPATH\BaseModel.php(692): CodeIgniter\Model->insert([...], false)
 6 APPPATH\Controllers\Paises.php(66): CodeIgniter\BaseModel->save([...])
 7 SYSTEMPATH\CodeIgniter.php(934): App\Controllers\Paises->insertar()
 8 SYSTEMPATH\CodeIgniter.php(499): CodeIgniter\CodeIgniter->runController(Object(App\Controllers\Paises))
 9 SYSTEMPATH\CodeIgniter.php(368): CodeIgniter\CodeIgniter->handleRequest(null, Object(Config\Cache), false)
10 FCPATH\index.php(67): CodeIgniter\CodeIgniter->run()
ERROR - 2023-03-24 00:03:23 --> mysqli_sql_exception: Duplicate entry 'Venezuela' for key 'nombre' in C:\xampp\htdocs\TallerCuentas\system\Database\MySQLi\Connection.php:295
Stack trace:
#0 C:\xampp\htdocs\TallerCuentas\system\Database\MySQLi\Connection.php(295): mysqli->query('INSERT INTO `pa...', 0)
#1 C:\xampp\htdocs\TallerCuentas\system\Database\BaseConnection.php(691): CodeIgniter\Database\MySQLi\Connection->execute('INSERT INTO `pa...')
#2 C:\xampp\htdocs\TallerCuentas\system\Database\BaseConnection.php(605): CodeIgniter\Database\BaseConnection->simpleQuery('INSERT INTO `pa...')
#3 C:\xampp\htdocs\TallerCuentas\system\Database\BaseBuilder.php(2309): CodeIgniter\Database\BaseConnection->query('INSERT INTO `pa...', Array, false)
#4 C:\xampp\htdocs\TallerCuentas\system\Model.php(330): CodeIgniter\Database\BaseBuilder->insert()
#5 C:\xampp\htdocs\TallerCuentas\system\BaseModel.php(782): CodeIgniter\Model->doInsert(Array)
#6 C:\xampp\htdocs\TallerCuentas\system\Model.php(730): CodeIgniter\BaseModel->insert(Array, false)
#7 C:\xampp\htdocs\TallerCuentas\system\BaseModel.php(692): CodeIgniter\Model->insert(Array, false)
#8 C:\xampp\htdocs\TallerCuentas\app\Controllers\Paises.php(66): CodeIgniter\BaseModel->save(Array)
#9 C:\xampp\htdocs\TallerCuentas\system\CodeIgniter.php(934): App\Controllers\Paises->insertar()
#10 C:\xampp\htdocs\TallerCuentas\system\CodeIgniter.php(499): CodeIgniter\CodeIgniter->runController(Object(App\Controllers\Paises))
#11 C:\xampp\htdocs\TallerCuentas\system\CodeIgniter.php(368): CodeIgniter\CodeIgniter->handleRequest(NULL, Object(Config\Cache), false)
#12 C:\xampp\htdocs\TallerCuentas\public\index.php(67): CodeIgniter\CodeIgniter->run()
#13 {main}
CRITICAL - 2023-03-24 00:03:23 --> Duplicate entry 'Venezuela' for key 'nombre'
in SYSTEMPATH\Database\BaseConnection.php on line 645.
 1 SYSTEMPATH\Database\BaseBuilder.php(2309): CodeIgniter\Database\BaseConnection->query('INSERT INTO `paises` (`codigo`, `nombre`, `fecha_crea`) VALUES (:codigo:, :nombre:, :fecha_crea:)', [...], false)
 2 SYSTEMPATH\Model.php(330): CodeIgniter\Database\BaseBuilder->insert()
 3 SYSTEMPATH\BaseModel.php(782): CodeIgniter\Model->doInsert([...])
 4 SYSTEMPATH\Model.php(730): CodeIgniter\BaseModel->insert([...], false)
 5 SYSTEMPATH\BaseModel.php(692): CodeIgniter\Model->insert([...], false)
 6 APPPATH\Controllers\Paises.php(66): CodeIgniter\BaseModel->save([...])
 7 SYSTEMPATH\CodeIgniter.php(934): App\Controllers\Paises->insertar()
 8 SYSTEMPATH\CodeIgniter.php(499): CodeIgniter\CodeIgniter->runController(Object(App\Controllers\Paises))
 9 SYSTEMPATH\CodeIgniter.php(368): CodeIgniter\CodeIgniter->handleRequest(null, Object(Config\Cache), false)
10 FCPATH\index.php(67): CodeIgniter\CodeIgniter->run()
