CRITICAL - 2023-03-16 15:40:40 --> Undefined array key "id"
in APPPATH\Models\SalariosModel.php on line 31.
 1 APPPATH\Models\SalariosModel.php(31): CodeIgniter\Debug\Exceptions->errorHandler(2, 'Undefined array key "id"', 'APPPATH\\Models\\SalariosModel.php', 31)
 2 APPPATH\Controllers\Empleados.php(61): App\Models\SalariosModel->insertarSalario([...])
 3 SYSTEMPATH\CodeIgniter.php(934): App\Controllers\Empleados->insertar()
 4 SYSTEMPATH\CodeIgniter.php(499): CodeIgniter\CodeIgniter->runController(Object(App\Controllers\Empleados))
 5 SYSTEMPATH\CodeIgniter.php(368): CodeIgniter\CodeIgniter->handleRequest(null, Object(Config\Cache), false)
 6 FCPATH\index.php(67): CodeIgniter\CodeIgniter->run()
ERROR - 2023-03-16 15:41:53 --> mysqli_sql_exception: Column 'id_empleado' cannot be null in C:\xampp\htdocs\TallerCuentas\system\Database\MySQLi\Connection.php:295
Stack trace:
#0 C:\xampp\htdocs\TallerCuentas\system\Database\MySQLi\Connection.php(295): mysqli->query('INSERT INTO `sa...', 0)
#1 C:\xampp\htdocs\TallerCuentas\system\Database\BaseConnection.php(691): CodeIgniter\Database\MySQLi\Connection->execute('INSERT INTO `sa...')
#2 C:\xampp\htdocs\TallerCuentas\system\Database\BaseConnection.php(605): CodeIgniter\Database\BaseConnection->simpleQuery('INSERT INTO `sa...')
#3 C:\xampp\htdocs\TallerCuentas\system\Database\BaseBuilder.php(2309): CodeIgniter\Database\BaseConnection->query('INSERT INTO `sa...', Array, false)
#4 C:\xampp\htdocs\TallerCuentas\system\Model.php(330): CodeIgniter\Database\BaseBuilder->insert()
#5 C:\xampp\htdocs\TallerCuentas\system\BaseModel.php(782): CodeIgniter\Model->doInsert(Array)
#6 C:\xampp\htdocs\TallerCuentas\system\Model.php(730): CodeIgniter\BaseModel->insert(Array, false)
#7 C:\xampp\htdocs\TallerCuentas\system\BaseModel.php(692): CodeIgniter\Model->insert(Array, false)
#8 C:\xampp\htdocs\TallerCuentas\app\Controllers\Empleados.php(61): CodeIgniter\BaseModel->save(Array)
#9 C:\xampp\htdocs\TallerCuentas\system\CodeIgniter.php(934): App\Controllers\Empleados->insertar()
#10 C:\xampp\htdocs\TallerCuentas\system\CodeIgniter.php(499): CodeIgniter\CodeIgniter->runController(Object(App\Controllers\Empleados))
#11 C:\xampp\htdocs\TallerCuentas\system\CodeIgniter.php(368): CodeIgniter\CodeIgniter->handleRequest(NULL, Object(Config\Cache), false)
#12 C:\xampp\htdocs\TallerCuentas\public\index.php(67): CodeIgniter\CodeIgniter->run()
#13 {main}
CRITICAL - 2023-03-16 15:41:53 --> Column 'id_empleado' cannot be null
in SYSTEMPATH\Database\BaseConnection.php on line 645.
 1 SYSTEMPATH\Database\BaseBuilder.php(2309): CodeIgniter\Database\BaseConnection->query('INSERT INTO `salarios` (`id_empleado`, `sueldo`, `periodo`, `fecha_crea`) VALUES (:id_empleado:, :sueldo:, :periodo:, :fecha_crea:)', [...], false)
 2 SYSTEMPATH\Model.php(330): CodeIgniter\Database\BaseBuilder->insert()
 3 SYSTEMPATH\BaseModel.php(782): CodeIgniter\Model->doInsert([...])
 4 SYSTEMPATH\Model.php(730): CodeIgniter\BaseModel->insert([...], false)
 5 SYSTEMPATH\BaseModel.php(692): CodeIgniter\Model->insert([...], false)
 6 APPPATH\Controllers\Empleados.php(61): CodeIgniter\BaseModel->save([...])
 7 SYSTEMPATH\CodeIgniter.php(934): App\Controllers\Empleados->insertar()
 8 SYSTEMPATH\CodeIgniter.php(499): CodeIgniter\CodeIgniter->runController(Object(App\Controllers\Empleados))
 9 SYSTEMPATH\CodeIgniter.php(368): CodeIgniter\CodeIgniter->handleRequest(null, Object(Config\Cache), false)
10 FCPATH\index.php(67): CodeIgniter\CodeIgniter->run()
